<?xml version="1.0" encoding="UTF-8" ?>
<testsuite errors="1" failures="0" hostname="L004163" name="com.medsega.wcc.api.impl.MedSageDaoServiceTest" skipped="0" tests="1" time="0.0" timestamp="2018-11-30T21:43:58">
  <properties>
[...]
</properties>
  <error message="com.medsega.wcc.api.impl.MedSageDaoServiceTest" type="java.lang.ClassNotFoundException">java.lang.ClassNotFoundException: com.medsega.wcc.api.impl.MedSageDaoServiceTest
	at java.lang.ClassLoader.loadClass(ClassLoader.java:358)
	at java.lang.Class.forName0(Native Method)
	at java.lang.Class.forName(Class.java:278)
	at org.eclipse.ant.internal.launching.remote.EclipseDefaultExecutor.executeTargets(EclipseDefaultExecutor.java:36)
	at org.eclipse.ant.internal.launching.remote.InternalAntRunner.run(InternalAntRunner.java:456)
	at org.eclipse.ant.internal.launching.remote.InternalAntRunner.main(InternalAntRunner.java:140)
</error>
  <system-out><![CDATA[]]></system-out>
  <system-err><![CDATA[]]></system-err>
</testsuite>
